<?xml version="1.0" encoding="UTF-8"?>
<!-- Generated by org.testng.reporters.JUnitReportReporter -->
<testsuite skipped="1" hostname="deepakdj1990" name="com.appname.testcases.SampleClass3" tests="1" failures="0" timestamp="2020-05-22T21:31:57 IST" time="0.000" errors="0">
  <testcase name="sampleTestCase_06" time="0.000" classname="com.appname.testcases.SampleClass3">
    <skipped/>
  </testcase> <!-- sampleTestCase_06 -->
  <system-out/>
</testsuite> <!-- com.appname.testcases.SampleClass3 -->
