<?xml version="1.0" encoding="UTF-8"?>
<!-- Generated by org.testng.reporters.JUnitReportReporter -->
<testsuite hostname="deepakdj1990" failures="0" tests="1" name="com.appname.testcases.SampleClass4" time="1.735" errors="0" timestamp="2020-05-16T18:49:01 IST" skipped="0">
  <testcase classname="com.appname.testcases.SampleClass4" name="sampleTestCase_07" time="1.735"/>
  <system-out/>
</testsuite> <!-- com.appname.testcases.SampleClass4 -->
