<?xml version="1.0" encoding="UTF-8"?>
<!-- Generated by org.testng.reporters.JUnitReportReporter -->
<testsuite skipped="0" hostname="deepakdj1990" name="com.appname.testcases.Sample_DataProviderClass_Use" tests="4" failures="0" timestamp="2020-05-22T02:03:14 IST" time="4.780" errors="0">
  <testcase name="executingTestUsingDataProvider" time="0.903" classname="com.appname.testcases.Sample_DataProviderClass_Use"/>
  <system-out/>
  <testcase name="executingTestUsingDataProvider" time="0.981" classname="com.appname.testcases.Sample_DataProviderClass_Use"/>
  <system-out/>
  <testcase name="executingTestUsingDataProvider" time="1.945" classname="com.appname.testcases.Sample_DataProviderClass_Use"/>
  <system-out/>
  <testcase name="executingTestUsingDataProvider" time="0.951" classname="com.appname.testcases.Sample_DataProviderClass_Use"/>
  <system-out/>
</testsuite> <!-- com.appname.testcases.Sample_DataProviderClass_Use -->
