<?xml version="1.0" encoding="UTF-8"?>
<!-- Generated by org.testng.reporters.JUnitReportReporter -->
<testsuite hostname="deepakdj1990" failures="0" tests="4" name="com.appname.testcases.Sample_DataProviderClass_Use" time="6.547" errors="0" timestamp="2020-05-18T18:42:57 IST" skipped="0">
  <testcase classname="com.appname.testcases.Sample_DataProviderClass_Use" name="executingTestUsingDataProvider" time="2.614"/>
  <system-out/>
  <testcase classname="com.appname.testcases.Sample_DataProviderClass_Use" name="executingTestUsingDataProvider" time="0.915"/>
  <system-out/>
  <testcase classname="com.appname.testcases.Sample_DataProviderClass_Use" name="executingTestUsingDataProvider" time="1.107"/>
  <system-out/>
  <testcase classname="com.appname.testcases.Sample_DataProviderClass_Use" name="executingTestUsingDataProvider" time="1.911"/>
  <system-out/>
</testsuite> <!-- com.appname.testcases.Sample_DataProviderClass_Use -->
