<?xml version="1.0" encoding="UTF-8"?>
<!-- Generated by org.testng.reporters.JUnitReportReporter -->
<testsuite skipped="0" hostname="deepakdj1990" name="com.appname.testcases.DataDriven_Sample2" tests="20" failures="0" timestamp="2020-05-22T02:03:14 IST" time="0.052" errors="0">
  <testcase name="sampleTC_004" time="0.004" classname="com.appname.testcases.DataDriven_Sample2"/>
  <system-out/>
  <testcase name="sampleTC_003" time="0.003" classname="com.appname.testcases.DataDriven_Sample2"/>
  <system-out/>
  <testcase name="sampleTC_004" time="0.003" classname="com.appname.testcases.DataDriven_Sample2"/>
  <system-out/>
  <testcase name="sampleTC_001" time="0.001" classname="com.appname.testcases.DataDriven_Sample2"/>
  <system-out/>
  <testcase name="sampleTC_004" time="0.002" classname="com.appname.testcases.DataDriven_Sample2"/>
  <system-out/>
  <testcase name="sampleTC_001" time="0.002" classname="com.appname.testcases.DataDriven_Sample2"/>
  <system-out/>
  <testcase name="sampleTC_004" time="0.005" classname="com.appname.testcases.DataDriven_Sample2"/>
  <system-out/>
  <testcase name="sampleTC_002" time="0.001" classname="com.appname.testcases.DataDriven_Sample2"/>
  <system-out/>
  <testcase name="sampleTC_004" time="0.005" classname="com.appname.testcases.DataDriven_Sample2"/>
  <system-out/>
  <testcase name="sampleTC_004" time="0.003" classname="com.appname.testcases.DataDriven_Sample2"/>
  <system-out/>
  <testcase name="sampleTC_003" time="0.002" classname="com.appname.testcases.DataDriven_Sample2"/>
  <system-out/>
  <testcase name="sampleTC_004" time="0.004" classname="com.appname.testcases.DataDriven_Sample2"/>
  <system-out/>
  <testcase name="sampleTC_004" time="0.001" classname="com.appname.testcases.DataDriven_Sample2"/>
  <system-out/>
  <testcase name="sampleTC_003" time="0.001" classname="com.appname.testcases.DataDriven_Sample2"/>
  <system-out/>
  <testcase name="sampleTC_004" time="0.005" classname="com.appname.testcases.DataDriven_Sample2"/>
  <system-out/>
  <testcase name="sampleTC_004" time="0.003" classname="com.appname.testcases.DataDriven_Sample2"/>
  <system-out/>
  <testcase name="sampleTC_004" time="0.002" classname="com.appname.testcases.DataDriven_Sample2"/>
  <system-out/>
  <testcase name="sampleTC_003" time="0.002" classname="com.appname.testcases.DataDriven_Sample2"/>
  <system-out/>
  <testcase name="sampleTC_004" time="0.002" classname="com.appname.testcases.DataDriven_Sample2"/>
  <system-out/>
  <testcase name="sampleTC_002" time="0.001" classname="com.appname.testcases.DataDriven_Sample2"/>
  <system-out/>
</testsuite> <!-- com.appname.testcases.DataDriven_Sample2 -->
