<?xml version="1.0" encoding="UTF-8"?>
<!-- Generated by org.testng.reporters.JUnitReportReporter -->
<testsuite hostname="deepakdj1990" failures="0" tests="1" name="com.appname.testcases.SampleClass3" time="2.425" errors="0" timestamp="2020-05-15T22:56:07 IST" skipped="0">
  <testcase classname="com.appname.testcases.SampleClass3" name="sampleTestCase_03" time="2.425"/>
  <system-out/>
</testsuite> <!-- com.appname.testcases.SampleClass3 -->
