<?xml version="1.0" encoding="UTF-8"?>
<!-- Generated by org.testng.reporters.JUnitReportReporter -->
<testsuite skipped="0" hostname="deepakdj1990" name="com.appname.testcases.SampleClass" tests="1" failures="0" timestamp="2020-05-13T21:14:34 IST" time="2.213" errors="0">
  <testcase name="sampleTestCase_01" time="2.213" classname="com.appname.testcases.SampleClass"/>
  <system-out/>
</testsuite> <!-- com.appname.testcases.SampleClass -->
