<?xml version="1.0" encoding="UTF-8"?>
<!-- Generated by org.testng.reporters.JUnitReportReporter -->
<testsuite hostname="deepakdj1990" failures="0" tests="1" name="com.appname.testcases.Sample_DataProviderClass_Use" time="0.000" errors="0" timestamp="2020-05-16T20:57:42 IST" skipped="1">
  <testcase classname="com.appname.testcases.Sample_DataProviderClass_Use" name="executingTestUsingDataProvider" time="0.000">
    <skipped/>
  </testcase> <!-- executingTestUsingDataProvider -->
  <system-out/>
</testsuite> <!-- com.appname.testcases.Sample_DataProviderClass_Use -->
