<?xml version="1.0" encoding="UTF-8"?>
<!-- Generated by org.testng.reporters.JUnitReportReporter -->
<testsuite skipped="1" hostname="deepakdj1990" name="com.appname.testcases.SampleClass3" tests="1" failures="0" timestamp="2020-05-22T02:03:14 IST" time="1.781" errors="0">
  <testcase name="sampleTestCase_06" time="1.781" classname="com.appname.testcases.SampleClass3">
    <skipped/>
  </testcase> <!-- sampleTestCase_06 -->
  <system-out/>
</testsuite> <!-- com.appname.testcases.SampleClass3 -->
