<?xml version="1.0" encoding="UTF-8"?>
<!-- Generated by org.testng.reporters.JUnitReportReporter -->
<testsuite hostname="deepakdj1990" failures="0" tests="1" name="com.appname.testcases.SampleClass3" time="2.048" errors="0" timestamp="2020-05-16T18:49:01 IST" skipped="1">
  <testcase classname="com.appname.testcases.SampleClass3" name="sampleTestCase_06" time="2.048">
    <skipped/>
  </testcase> <!-- sampleTestCase_06 -->
  <system-out/>
</testsuite> <!-- com.appname.testcases.SampleClass3 -->
