<?xml version="1.0" encoding="UTF-8"?>
<!-- Generated by org.testng.reporters.JUnitReportReporter -->
<testsuite hostname="deepakdj1990" failures="0" tests="1" name="com.appname.testcases.SampleClass" time="3.306" errors="0" timestamp="2020-05-14T22:30:57 IST" skipped="0">
  <testcase classname="com.appname.testcases.SampleClass" name="sampleTestCase_01" time="3.306"/>
  <system-out/>
</testsuite> <!-- com.appname.testcases.SampleClass -->
